[2019-03-26 17:29:30.567] [renderer1] [info] no standard startup: not using cached data
[2019-03-26 17:29:30.598] [renderer1] [error] net::ERR_INTERNET_DISCONNECTED: {1}
[2019-03-26 17:30:04.697] [renderer1] [info] no standard startup: not a new window
[2019-03-26 17:30:04.729] [renderer1] [error] net::ERR_INTERNET_DISCONNECTED: {1}
[2019-03-26 17:30:12.345] [renderer1] [error] An unknown error occurred. Please consult the log for more details.
[2019-03-26 17:35:05.856] [renderer1] [error] Tree element not found: [object Object]: Error: Tree element not found: [object Object]
    at s.getElementLocation (file:///usr/share/code/resources/app/out/vs/workbench/workbench.main.js:89:591)
    at s.isCollapsed (file:///usr/share/code/resources/app/out/vs/workbench/workbench.main.js:89:14)
    at $.isCollapsed (file:///usr/share/code/resources/app/out/vs/workbench/workbench.main.js:922:572)
    at B.revealMarkersForCurrentActiveEditor (file:///usr/share/code/resources/app/out/vs/workbench/workbench.main.js:4484:105)
    at B.autoReveal (file:///usr/share/code/resources/app/out/vs/workbench/workbench.main.js:4483:961)
    at B.onActiveEditorChanged (file:///usr/share/code/resources/app/out/vs/workbench/workbench.main.js:4481:350)
    at B._register.e (file:///usr/share/code/resources/app/out/vs/workbench/workbench.main.js:4480:360)
    at d.fire (file:///usr/share/code/resources/app/out/vs/workbench/workbench.main.js:73:436)
    at setTimeout (file:///usr/share/code/resources/app/out/vs/workbench/workbench.main.js:69:969)
[2019-03-26 17:35:18.060] [renderer1] [error] Tree element not found: [object Object]: Error: Tree element not found: [object Object]
    at s.getElementLocation (file:///usr/share/code/resources/app/out/vs/workbench/workbench.main.js:89:591)
    at s.isCollapsed (file:///usr/share/code/resources/app/out/vs/workbench/workbench.main.js:89:14)
    at $.isCollapsed (file:///usr/share/code/resources/app/out/vs/workbench/workbench.main.js:922:572)
    at B.revealMarkersForCurrentActiveEditor (file:///usr/share/code/resources/app/out/vs/workbench/workbench.main.js:4484:105)
    at B.autoReveal (file:///usr/share/code/resources/app/out/vs/workbench/workbench.main.js:4483:961)
    at B.onActiveEditorChanged (file:///usr/share/code/resources/app/out/vs/workbench/workbench.main.js:4481:350)
    at B._register.e (file:///usr/share/code/resources/app/out/vs/workbench/workbench.main.js:4480:360)
    at d.fire (file:///usr/share/code/resources/app/out/vs/workbench/workbench.main.js:73:436)
    at setTimeout (file:///usr/share/code/resources/app/out/vs/workbench/workbench.main.js:69:969)
[2019-03-26 17:38:01.528] [renderer1] [error] Tree element not found: [object Object]: Error: Tree element not found: [object Object]
    at s.getElementLocation (file:///usr/share/code/resources/app/out/vs/workbench/workbench.main.js:89:591)
    at s.isCollapsed (file:///usr/share/code/resources/app/out/vs/workbench/workbench.main.js:89:14)
    at $.isCollapsed (file:///usr/share/code/resources/app/out/vs/workbench/workbench.main.js:922:572)
    at B.revealMarkersForCurrentActiveEditor (file:///usr/share/code/resources/app/out/vs/workbench/workbench.main.js:4484:105)
    at B.autoReveal (file:///usr/share/code/resources/app/out/vs/workbench/workbench.main.js:4483:961)
    at B.onActiveEditorChanged (file:///usr/share/code/resources/app/out/vs/workbench/workbench.main.js:4481:350)
    at B._register.e (file:///usr/share/code/resources/app/out/vs/workbench/workbench.main.js:4480:360)
    at d.fire (file:///usr/share/code/resources/app/out/vs/workbench/workbench.main.js:73:436)
    at setTimeout (file:///usr/share/code/resources/app/out/vs/workbench/workbench.main.js:69:969)
[2019-03-26 17:38:15.367] [renderer1] [error] Tree element not found: [object Object]: Error: Tree element not found: [object Object]
    at s.getElementLocation (file:///usr/share/code/resources/app/out/vs/workbench/workbench.main.js:89:591)
    at s.isCollapsed (file:///usr/share/code/resources/app/out/vs/workbench/workbench.main.js:89:14)
    at $.isCollapsed (file:///usr/share/code/resources/app/out/vs/workbench/workbench.main.js:922:572)
    at B.revealMarkersForCurrentActiveEditor (file:///usr/share/code/resources/app/out/vs/workbench/workbench.main.js:4484:105)
    at B.autoReveal (file:///usr/share/code/resources/app/out/vs/workbench/workbench.main.js:4483:961)
    at B.onActiveEditorChanged (file:///usr/share/code/resources/app/out/vs/workbench/workbench.main.js:4481:350)
    at B._register.e (file:///usr/share/code/resources/app/out/vs/workbench/workbench.main.js:4480:360)
    at d.fire (file:///usr/share/code/resources/app/out/vs/workbench/workbench.main.js:73:436)
    at setTimeout (file:///usr/share/code/resources/app/out/vs/workbench/workbench.main.js:69:969)
[2019-03-26 17:38:37.327] [renderer1] [error] Tree element not found: [object Object]: Error: Tree element not found: [object Object]
    at s.getElementLocation (file:///usr/share/code/resources/app/out/vs/workbench/workbench.main.js:89:591)
    at s.isCollapsed (file:///usr/share/code/resources/app/out/vs/workbench/workbench.main.js:89:14)
    at $.isCollapsed (file:///usr/share/code/resources/app/out/vs/workbench/workbench.main.js:922:572)
    at B.revealMarkersForCurrentActiveEditor (file:///usr/share/code/resources/app/out/vs/workbench/workbench.main.js:4484:105)
    at B.autoReveal (file:///usr/share/code/resources/app/out/vs/workbench/workbench.main.js:4483:961)
    at B.onActiveEditorChanged (file:///usr/share/code/resources/app/out/vs/workbench/workbench.main.js:4481:350)
    at B._register.e (file:///usr/share/code/resources/app/out/vs/workbench/workbench.main.js:4480:360)
    at d.fire (file:///usr/share/code/resources/app/out/vs/workbench/workbench.main.js:73:436)
    at setTimeout (file:///usr/share/code/resources/app/out/vs/workbench/workbench.main.js:69:969)
[2019-03-26 17:38:40.043] [renderer1] [error] Tree element not found: [object Object]: Error: Tree element not found: [object Object]
    at s.getElementLocation (file:///usr/share/code/resources/app/out/vs/workbench/workbench.main.js:89:591)
    at s.isCollapsed (file:///usr/share/code/resources/app/out/vs/workbench/workbench.main.js:89:14)
    at $.isCollapsed (file:///usr/share/code/resources/app/out/vs/workbench/workbench.main.js:922:572)
    at B.revealMarkersForCurrentActiveEditor (file:///usr/share/code/resources/app/out/vs/workbench/workbench.main.js:4484:105)
    at B.autoReveal (file:///usr/share/code/resources/app/out/vs/workbench/workbench.main.js:4483:961)
    at B.onActiveEditorChanged (file:///usr/share/code/resources/app/out/vs/workbench/workbench.main.js:4481:350)
    at B._register.e (file:///usr/share/code/resources/app/out/vs/workbench/workbench.main.js:4480:360)
    at d.fire (file:///usr/share/code/resources/app/out/vs/workbench/workbench.main.js:73:436)
    at setTimeout (file:///usr/share/code/resources/app/out/vs/workbench/workbench.main.js:69:969)
[2019-03-26 17:38:52.938] [renderer1] [error] Tree element not found: [object Object]: Error: Tree element not found: [object Object]
    at s.getElementLocation (file:///usr/share/code/resources/app/out/vs/workbench/workbench.main.js:89:591)
    at s.isCollapsed (file:///usr/share/code/resources/app/out/vs/workbench/workbench.main.js:89:14)
    at $.isCollapsed (file:///usr/share/code/resources/app/out/vs/workbench/workbench.main.js:922:572)
    at B.revealMarkersForCurrentActiveEditor (file:///usr/share/code/resources/app/out/vs/workbench/workbench.main.js:4484:105)
    at B.autoReveal (file:///usr/share/code/resources/app/out/vs/workbench/workbench.main.js:4483:961)
    at B.onActiveEditorChanged (file:///usr/share/code/resources/app/out/vs/workbench/workbench.main.js:4481:350)
    at B._register.e (file:///usr/share/code/resources/app/out/vs/workbench/workbench.main.js:4480:360)
    at d.fire (file:///usr/share/code/resources/app/out/vs/workbench/workbench.main.js:73:436)
    at setTimeout (file:///usr/share/code/resources/app/out/vs/workbench/workbench.main.js:69:969)
[2019-03-26 17:39:08.696] [renderer1] [error] Tree element not found: [object Object]: Error: Tree element not found: [object Object]
    at s.getElementLocation (file:///usr/share/code/resources/app/out/vs/workbench/workbench.main.js:89:591)
    at s.isCollapsed (file:///usr/share/code/resources/app/out/vs/workbench/workbench.main.js:89:14)
    at $.isCollapsed (file:///usr/share/code/resources/app/out/vs/workbench/workbench.main.js:922:572)
    at B.revealMarkersForCurrentActiveEditor (file:///usr/share/code/resources/app/out/vs/workbench/workbench.main.js:4484:105)
    at B.autoReveal (file:///usr/share/code/resources/app/out/vs/workbench/workbench.main.js:4483:961)
    at B.onActiveEditorChanged (file:///usr/share/code/resources/app/out/vs/workbench/workbench.main.js:4481:350)
    at B._register.e (file:///usr/share/code/resources/app/out/vs/workbench/workbench.main.js:4480:360)
    at d.fire (file:///usr/share/code/resources/app/out/vs/workbench/workbench.main.js:73:436)
    at setTimeout (file:///usr/share/code/resources/app/out/vs/workbench/workbench.main.js:69:969)
