Looking for git in: git
Using git 2.7.4 from git
> git rev-parse --show-toplevel
> git config --get commit.template
Open repository: /home/hcalderon/Documents/Angular/buildingSoft
> git status -z -u
> git symbolic-ref --short HEAD
> git rev-parse master
> git rev-parse --symbolic-full-name master@{u}
> git rev-list --left-right master...refs/remotes/origin/master
> git for-each-ref --format %(refname) %(objectname) --sort -committerdate
> git remote --verbose
> git show :src/app/pedido/pedido/pedido.component.html
> git check-ignore -z --stdin
> git status -z -u
> git symbolic-ref --short HEAD
> git rev-parse master
> git rev-parse --symbolic-full-name master@{u}
> git rev-list --left-right master...refs/remotes/origin/master
> git for-each-ref --format %(refname) %(objectname) --sort -committerdate
> git remote --verbose
> git show :src/app/pedido/pedido/pedido.component.html
> git show :src/app/pedido/pedido/pedido.component.ts
> git check-ignore -z --stdin
> git check-ignore -z --stdin
> git check-ignore -z --stdin
> git check-ignore -z --stdin
> git show :src/app/interface/idetallefactura.ts
> git ls-files --stage -- src/app/interface/
> git check-ignore -z --stdin
> git show :src/app/model/cdetallefactura.ts
> git ls-files --stage -- src/app/model/
> git check-ignore -z --stdin
> git check-ignore -z --stdin
> git check-ignore -z --stdin
> git check-ignore -z --stdin
> git show :src/app/services/detallefactura.service.ts
> git ls-files --stage -- src/app/services/
> git show :src/app/pedido/pedido/pedido.component.ts
> git show :src/app/interface/idetallefactura.ts
> git ls-files --stage -- src/app/interface/
> git show :src/app/pedido/pedido/pedido.component.ts
> git status -z -u
> git symbolic-ref --short HEAD
> git rev-parse master
> git rev-parse --symbolic-full-name master@{u}
> git rev-list --left-right master...refs/remotes/origin/master
> git for-each-ref --format %(refname) %(objectname) --sort -committerdate
> git remote --verbose
> git show :src/app/model/cdetallefactura.ts
> git ls-files --stage -- src/app/model/
> git show :src/app/services/detallefactura.service.ts
> git ls-files --stage -- src/app/services/
> git status -z -u
> git symbolic-ref --short HEAD
> git rev-parse master
> git rev-parse --symbolic-full-name master@{u}
> git rev-list --left-right master...refs/remotes/origin/master
> git for-each-ref --format %(refname) %(objectname) --sort -committerdate
> git remote --verbose
> git show :src/app/model/cinventario.ts
> git show :src/app/services/detallefactura.service.ts
> git ls-files --stage -- src/app/services/
> git show :src/app/interface/idetallefactura.ts
> git ls-files --stage -- src/app/interface/
> git show :src/app/services/detallefactura.service.ts
> git ls-files --stage -- src/app/services/
> git show :src/app/services/factura.service.ts
> git show :src/app/services/detallefactura.service.ts
> git ls-files --stage -- src/app/services/
> git show :src/app/model/cdetallefactura.ts
> git ls-files --stage -- src/app/model/
> git status -z -u
> git symbolic-ref --short HEAD
> git rev-parse master
> git rev-parse --symbolic-full-name master@{u}
> git rev-list --left-right master...refs/remotes/origin/master
> git for-each-ref --format %(refname) %(objectname) --sort -committerdate
> git remote --verbose
> git status -z -u
> git symbolic-ref --short HEAD
> git rev-parse master
> git rev-parse --symbolic-full-name master@{u}
> git rev-list --left-right master...refs/remotes/origin/master
> git for-each-ref --format %(refname) %(objectname) --sort -committerdate
> git remote --verbose
> git show :src/app/model/cdetallefactura.ts
> git show :src/app/services/detallefactura.service.ts
> git ls-files --stage -- src/app/model/
> git ls-files --stage -- src/app/services/
> git status -z -u
> git symbolic-ref --short HEAD
> git rev-parse master
> git rev-parse --symbolic-full-name master@{u}
> git rev-list --left-right master...refs/remotes/origin/master
> git for-each-ref --format %(refname) %(objectname) --sort -committerdate
> git remote --verbose
> git show :src/app/interface/idetallefactura.ts
> git ls-files --stage -- src/app/interface/
> git show :src/app/model/cdetallefactura.ts
> git ls-files --stage -- src/app/model/
> git show :src/app/interface/idetallefactura.ts
> git ls-files --stage -- src/app/interface/
> git status -z -u
> git symbolic-ref --short HEAD
> git rev-parse master
> git rev-parse --symbolic-full-name master@{u}
> git rev-list --left-right master...refs/remotes/origin/master
> git for-each-ref --format %(refname) %(objectname) --sort -committerdate
> git remote --verbose
> git show :src/app/model/cdetallefactura.ts
> git ls-files --stage -- src/app/model/
> git show :src/app/interface/idetallefactura.ts
> git ls-files --stage -- src/app/interface/
> git status -z -u
> git symbolic-ref --short HEAD
> git rev-parse master
> git rev-parse --symbolic-full-name master@{u}
> git rev-list --left-right master...refs/remotes/origin/master
> git for-each-ref --format %(refname) %(objectname) --sort -committerdate
> git remote --verbose
> git status -z -u
> git symbolic-ref --short HEAD
> git rev-parse master
> git rev-parse --symbolic-full-name master@{u}
> git rev-list --left-right master...refs/remotes/origin/master
> git for-each-ref --format %(refname) %(objectname) --sort -committerdate
> git remote --verbose
> git status -z -u
> git symbolic-ref --short HEAD
> git rev-parse master
> git rev-parse --symbolic-full-name master@{u}
> git rev-list --left-right master...refs/remotes/origin/master
> git for-each-ref --format %(refname) %(objectname) --sort -committerdate
> git remote --verbose
> git status -z -u
> git symbolic-ref --short HEAD
> git rev-parse master
> git rev-parse --symbolic-full-name master@{u}
> git rev-list --left-right master...refs/remotes/origin/master
> git for-each-ref --format %(refname) %(objectname) --sort -committerdate
> git remote --verbose
> git status -z -u
> git symbolic-ref --short HEAD
> git rev-parse master
> git rev-parse --symbolic-full-name master@{u}
> git rev-list --left-right master...refs/remotes/origin/master
> git for-each-ref --format %(refname) %(objectname) --sort -committerdate
> git remote --verbose
> git show :src/app/pedido/pedido/pedido.component.ts
> git show :src/app/services/detallefactura.service.ts
> git ls-files --stage -- src/app/services/
> git check-ignore -z --stdin
> git check-ignore -z --stdin
> git show :src/app/pedido/dialog-cantidad/dialog-cantidad.component.html
> git show :src/app/pedido/dialog-cantidad/dialog-cantidad.component.ts
> git show :src/app/services/detallefactura.service.ts
> git ls-files --stage -- src/app/services/
> git show :src/app/pedido/dialog-cantidad/dialog-cantidad.component.ts
> git show :src/app/pedido/dialog-cantidad/dialog-cantidad.component.html
> git show :src/app/services/detallefactura.service.ts
> git ls-files --stage -- src/app/services/
> git show :src/app/pedido/dialog-cantidad/dialog-cantidad.component.ts
> git check-ignore -z --stdin
> git check-ignore -z --stdin
> git show :src/app/pedido/inventario-pedido/inventario-pedido.component.html
> git show :src/app/pedido/dialog-cantidad/dialog-cantidad.component.ts
> git show :src/app/pedido/inventario-pedido/inventario-pedido.component.html
> git show :src/app/pedido/dialog-cantidad/dialog-cantidad.component.ts
> git show :src/app/services/detallefactura.service.ts
> git ls-files --stage -- src/app/services/
> git show :src/app/pedido/dialog-cantidad/dialog-cantidad.component.ts
> git show :src/app/pedido/inventario-pedido/inventario-pedido.component.html
> git show :src/app/pedido/dialog-cantidad/dialog-cantidad.component.ts
> git status -z -u
> git symbolic-ref --short HEAD
> git rev-parse master
> git rev-parse --symbolic-full-name master@{u}
> git rev-list --left-right master...refs/remotes/origin/master
> git for-each-ref --format %(refname) %(objectname) --sort -committerdate
> git remote --verbose
